<?xml version="1.0" encoding="UTF-8"?>
<testsuite xmlns:xsi="http://www.w3.org/2001/XMLSchema-instance" xsi:noNamespaceSchemaLocation="https://maven.apache.org/surefire/maven-surefire-plugin/xsd/surefire-test-report-3.0.xsd" version="3.0" name="com.tequila.ecommerce.vinoteca.SaleWineApplicationTests" time="9.628" tests="1" errors="0" skipped="0" failures="0">
  <properties>
[...]
</properties>
  <testcase name="contextLoads" classname="com.tequila.ecommerce.vinoteca.SaleWineApplicationTests" time="0.736">
    <system-out><![CDATA[12:26:58.953 [main] INFO org.springframework.test.context.support.AnnotationConfigContextLoaderUtils -- Could not detect default configuration classes for test class [com.tequila.ecommerce.vinoteca.SaleWineApplicationTests]: SaleWineApplicationTests does not declare any static, non-private, non-final, nested classes annotated with @Configuration.
12:26:59.138 [main] INFO org.springframework.boot.test.context.SpringBootTestContextBootstrapper -- Found @SpringBootConfiguration com.tequila.ecommerce.vinoteca.SaleWineApplication for test class com.tequila.ecommerce.vinoteca.SaleWineApplicationTests
12:26:59.409 [main] INFO org.springframework.boot.devtools.restart.RestartApplicationListener -- Restart disabled due to context in which it is running

  .   ____          _            __ _ _
 /\\ / ___'_ __ _ _(_)_ __  __ _ \ \ \ \
( ( )\___ | '_ | '_| | '_ \/ _` | \ \ \ \
 \\/  ___)| |_)| | | | | || (_| |  ) ) ) )
  '  |____| .__|_| |_|_| |_\__, | / / / /
 =========|_|==============|___/=/_/_/_/

 :: Spring Boot ::                (v3.3.3)

2024-09-09T12:26:59.955-03:00  INFO 18780 --- [SaleWine] [           main] c.t.e.vinoteca.SaleWineApplicationTests  : Starting SaleWineApplicationTests using Java 22.0.2 with PID 18780 (started by Hernan in C:\Users\herna\Documents\Escritorio\2 Año programacion\Practica Profesional\ecommerce.vinoteca)
2024-09-09T12:26:59.958-03:00  INFO 18780 --- [SaleWine] [           main] c.t.e.vinoteca.SaleWineApplicationTests  : No active profile set, falling back to 1 default profile: "default"
2024-09-09T12:27:01.123-03:00  INFO 18780 --- [SaleWine] [           main] .s.d.r.c.RepositoryConfigurationDelegate : Bootstrapping Spring Data JPA repositories in DEFAULT mode.
2024-09-09T12:27:01.255-03:00  INFO 18780 --- [SaleWine] [           main] .s.d.r.c.RepositoryConfigurationDelegate : Finished Spring Data repository scanning in 116 ms. Found 4 JPA repository interfaces.
2024-09-09T12:27:02.142-03:00  INFO 18780 --- [SaleWine] [           main] o.hibernate.jpa.internal.util.LogHelper  : HHH000204: Processing PersistenceUnitInfo [name: default]
2024-09-09T12:27:02.311-03:00  INFO 18780 --- [SaleWine] [           main] org.hibernate.Version                    : HHH000412: Hibernate ORM core version 6.5.2.Final
2024-09-09T12:27:02.399-03:00  INFO 18780 --- [SaleWine] [           main] o.h.c.internal.RegionFactoryInitiator    : HHH000026: Second-level cache disabled
2024-09-09T12:27:03.181-03:00  INFO 18780 --- [SaleWine] [           main] o.s.o.j.p.SpringPersistenceUnitInfo      : No LoadTimeWeaver setup: ignoring JPA class transformer
2024-09-09T12:27:03.233-03:00  INFO 18780 --- [SaleWine] [           main] com.zaxxer.hikari.HikariDataSource       : HikariPool-1 - Starting...
2024-09-09T12:27:03.525-03:00  INFO 18780 --- [SaleWine] [           main] com.zaxxer.hikari.pool.HikariPool        : HikariPool-1 - Added connection com.mysql.cj.jdbc.ConnectionImpl@1a345298
2024-09-09T12:27:03.529-03:00  INFO 18780 --- [SaleWine] [           main] com.zaxxer.hikari.HikariDataSource       : HikariPool-1 - Start completed.
2024-09-09T12:27:03.643-03:00  WARN 18780 --- [SaleWine] [           main] org.hibernate.dialect.Dialect            : HHH000511: The 5.5.5 version for [org.hibernate.dialect.MySQLDialect] is no longer supported, hence certain features may not work properly. The minimum supported version is 8.0.0. Check the community dialects project for available legacy versions.
2024-09-09T12:27:05.578-03:00  INFO 18780 --- [SaleWine] [           main] o.h.e.t.j.p.i.JtaPlatformInitiator       : HHH000489: No JTA platform available (set 'hibernate.transaction.jta.platform' to enable JTA platform integration)
2024-09-09T12:27:05.773-03:00  INFO 18780 --- [SaleWine] [           main] j.LocalContainerEntityManagerFactoryBean : Initialized JPA EntityManagerFactory for persistence unit 'default'
2024-09-09T12:27:06.832-03:00  INFO 18780 --- [SaleWine] [           main] o.s.b.a.w.s.WelcomePageHandlerMapping    : Adding welcome page template: index
2024-09-09T12:27:07.534-03:00  INFO 18780 --- [SaleWine] [           main] c.t.e.vinoteca.SaleWineApplicationTests  : Started SaleWineApplicationTests in 8.145 seconds (process running for 9.736)
]]></system-out>
    <system-err><![CDATA[WARNING: A Java agent has been loaded dynamically (C:\Users\herna\.m2\repository\net\bytebuddy\byte-buddy-agent\1.14.19\byte-buddy-agent-1.14.19.jar)
WARNING: If a serviceability tool is in use, please run with -XX:+EnableDynamicAgentLoading to hide this warning
WARNING: If a serviceability tool is not in use, please run with -Djdk.instrument.traceUsage for more information
WARNING: Dynamic loading of agents will be disallowed by default in a future release
]]></system-err>
  </testcase>
</testsuite>